  [1m[35m (435.2ms)[0m  [1m[35mCREATE DATABASE "first_routes_development" ENCODING = 'unicode'[0m
  ↳ bin/rails:9
  [1m[35m (176.2ms)[0m  [1m[35mCREATE DATABASE "first_routes_test" ENCODING = 'unicode'[0m
  ↳ bin/rails:9
Started GET "/users" for ::1 at 2022-02-02 14:11:54 -0800
Processing by UsersController#index as */*
Completed 500 Internal Server Error in 14ms (ActiveRecord: 0.0ms)


  
NameError (uninitialized constant UsersController::User):
  
app/controllers/users_controller.rb:3:in `index'
Started GET "/users" for ::1 at 2022-02-02 14:24:17 -0800
Processing by UsersController#index as */*
  Rendering text template
  Rendered text template (2.8ms)
Completed 200 OK in 30ms (Views: 29.3ms | ActiveRecord: 0.0ms)


Started POST "/users?David=Oakland" for ::1 at 2022-02-02 14:29:39 -0800
Processing by UsersController#create as */*
  Parameters: {"David"=>"Oakland"}
Completed 200 OK in 2ms (Views: 0.3ms | ActiveRecord: 0.0ms)


Started POST "/users?David=Oakland&Victor=Davis" for ::1 at 2022-02-02 14:30:02 -0800
Processing by UsersController#create as */*
  Parameters: {"David"=>"Oakland", "Victor"=>"Davis"}
Completed 200 OK in 1ms (Views: 0.4ms | ActiveRecord: 0.0ms)


Started POST "/users?users[David]=Oakland&Victor=Davis" for ::1 at 2022-02-02 14:31:07 -0800
Processing by UsersController#create as */*
  Parameters: {"users"=>{"David"=>"Oakland"}, "Victor"=>"Davis"}
Completed 200 OK in 3ms (Views: 0.6ms | ActiveRecord: 0.0ms)


Started POST "/users?user[David]=Oakland&user[Victor]=Davis" for ::1 at 2022-02-02 14:31:36 -0800
Processing by UsersController#create as */*
  Parameters: {"user"=>{"David"=>"Oakland", "Victor"=>"Davis"}}
Completed 200 OK in 2ms (Views: 0.5ms | ActiveRecord: 0.0ms)


Started POST "/users?users[David]=Oakland&users[Victor]=Davis" for ::1 at 2022-02-02 14:32:08 -0800
Processing by UsersController#create as */*
  Parameters: {"users"=>{"David"=>"Oakland", "Victor"=>"Davis"}}
Completed 200 OK in 2ms (Views: 0.7ms | ActiveRecord: 0.0ms)


Started GET "/users/1" for ::1 at 2022-02-02 14:35:42 -0800
Processing by UsersController#show as */*
  Parameters: {"id"=>"1"}
Completed 200 OK in 2ms (Views: 0.2ms | ActiveRecord: 0.0ms)


Started GET "/users/car" for ::1 at 2022-02-02 14:38:54 -0800
Processing by UsersController#show as */*
  Parameters: {"id"=>"car"}
Completed 200 OK in 8ms (Views: 0.5ms | ActiveRecord: 0.0ms)


  [1m[35m (32.4ms)[0m  [1m[35mCREATE TABLE "schema_migrations" ("version" character varying NOT NULL PRIMARY KEY)[0m
  ↳ bin/rails:9
  [1m[35m (40.3ms)[0m  [1m[35mCREATE TABLE "ar_internal_metadata" ("key" character varying NOT NULL PRIMARY KEY, "value" character varying, "created_at" timestamp NOT NULL, "updated_at" timestamp NOT NULL)[0m
  ↳ bin/rails:9
  [1m[35m (0.8ms)[0m  [1m[34mSELECT pg_try_advisory_lock(7974280239715595190)[0m
  ↳ bin/rails:9
  [1m[35m (1.8ms)[0m  [1m[34mSELECT "schema_migrations"."version" FROM "schema_migrations" ORDER BY "schema_migrations"."version" ASC[0m
  ↳ bin/rails:9
Migrating to CreateUsers (20220202224452)
  [1m[35m (0.2ms)[0m  [1m[35mBEGIN[0m
  ↳ bin/rails:9
  [1m[35m (51.9ms)[0m  [1m[35mCREATE TABLE "users" ("id" bigserial primary key, "name" character varying NOT NULL, "email" character varying NOT NULL, "created_at" timestamp NOT NULL, "updated_at" timestamp NOT NULL)[0m
  ↳ db/migrate/20220202224452_create_users.rb:3
  [1m[36mActiveRecord::SchemaMigration Create (1.0ms)[0m  [1m[32mINSERT INTO "schema_migrations" ("version") VALUES ($1) RETURNING "version"[0m  [["version", "20220202224452"]]
  ↳ bin/rails:9
  [1m[35m (0.5ms)[0m  [1m[35mCOMMIT[0m
  ↳ bin/rails:9
  [1m[36mActiveRecord::InternalMetadata Load (0.6ms)[0m  [1m[34mSELECT  "ar_internal_metadata".* FROM "ar_internal_metadata" WHERE "ar_internal_metadata"."key" = $1 LIMIT $2[0m  [["key", "environment"], ["LIMIT", 1]]
  ↳ bin/rails:9
  [1m[35m (0.2ms)[0m  [1m[35mBEGIN[0m
  ↳ bin/rails:9
  [1m[36mActiveRecord::InternalMetadata Create (0.8ms)[0m  [1m[32mINSERT INTO "ar_internal_metadata" ("key", "value", "created_at", "updated_at") VALUES ($1, $2, $3, $4) RETURNING "key"[0m  [["key", "environment"], ["value", "development"], ["created_at", "2022-02-02 22:48:51.847089"], ["updated_at", "2022-02-02 22:48:51.847089"]]
  ↳ bin/rails:9
  [1m[35m (0.4ms)[0m  [1m[35mCOMMIT[0m
  ↳ bin/rails:9
  [1m[35m (0.3ms)[0m  [1m[34mSELECT pg_advisory_unlock(7974280239715595190)[0m
  ↳ bin/rails:9
  [1m[35m (0.4ms)[0m  [1m[34mSELECT "schema_migrations"."version" FROM "schema_migrations" ORDER BY "schema_migrations"."version" ASC[0m
  ↳ bin/rails:9
  [1m[35m (0.4ms)[0m  [1m[35mBEGIN[0m
  [1m[36mUser Create (13.2ms)[0m  [1m[32mINSERT INTO "users" ("name", "email", "created_at", "updated_at") VALUES ($1, $2, $3, $4) RETURNING "id"[0m  [["name", "Victor"], ["email", "victor@gmail.com"], ["created_at", "2022-02-02 22:53:58.919985"], ["updated_at", "2022-02-02 22:53:58.919985"]]
  [1m[35m (13.8ms)[0m  [1m[35mCOMMIT[0m
  [1m[35m (5.0ms)[0m  [1m[35mBEGIN[0m
  [1m[36mUser Create (2.1ms)[0m  [1m[32mINSERT INTO "users" ("name", "email", "created_at", "updated_at") VALUES ($1, $2, $3, $4) RETURNING "id"[0m  [["name", "Domingo"], ["email", "domingo@aol.com"], ["created_at", "2022-02-02 22:55:02.811547"], ["updated_at", "2022-02-02 22:55:02.811547"]]
  [1m[35m (4.5ms)[0m  [1m[35mCOMMIT[0m
  [1m[36mUser Load (4.0ms)[0m  [1m[34mSELECT "users".* FROM "users"[0m
Started GET "/users" for ::1 at 2022-02-02 14:57:41 -0800
  [1m[35m (1.3ms)[0m  [1m[34mSELECT "schema_migrations"."version" FROM "schema_migrations" ORDER BY "schema_migrations"."version" ASC[0m
  ↳ /Users/victorwang/.rbenv/versions/2.5.1/lib/ruby/gems/2.5.0/gems/activerecord-5.2.6/lib/active_record/log_subscriber.rb:98
Processing by UsersController#index as */*
  [1m[36mUser Load (1.0ms)[0m  [1m[34mSELECT "users".* FROM "users"[0m
  ↳ app/controllers/users_controller.rb:11
Completed 200 OK in 73ms (Views: 34.7ms | ActiveRecord: 12.3ms)


Started POST "/users?name=Shaq&email=shaq@yahoo.com" for ::1 at 2022-02-02 15:03:15 -0800
Processing by UsersController#create as */*
  Parameters: {"name"=>"Shaq", "email"=>"shaq@yahoo.com"}
Completed 400 Bad Request in 10ms (ActiveRecord: 0.0ms)


  
ActionController::ParameterMissing (param is missing or the value is empty: user):
  
app/controllers/users_controller.rb:19:in `create'
Started POST "/users?users[name]=Shaq&users[email]=shaq@yahoo.com" for ::1 at 2022-02-02 15:03:53 -0800
Processing by UsersController#create as */*
  Parameters: {"users"=>{"name"=>"Shaq", "email"=>"shaq@yahoo.com"}}
Completed 400 Bad Request in 1ms (ActiveRecord: 0.0ms)


  
ActionController::ParameterMissing (param is missing or the value is empty: user):
  
app/controllers/users_controller.rb:19:in `create'
Started POST "/users?user[name]=Shaq&user[email]=shaq@yahoo.com" for ::1 at 2022-02-02 15:04:11 -0800
Processing by UsersController#create as */*
  Parameters: {"user"=>{"name"=>"Shaq", "email"=>"shaq@yahoo.com"}}
  [1m[35m (0.6ms)[0m  [1m[35mBEGIN[0m
  ↳ app/controllers/users_controller.rb:20
  [1m[36mUser Create (4.3ms)[0m  [1m[32mINSERT INTO "users" ("name", "email", "created_at", "updated_at") VALUES ($1, $2, $3, $4) RETURNING "id"[0m  [["name", "Shaq"], ["email", "shaq@yahoo.com"], ["created_at", "2022-02-02 23:04:11.308544"], ["updated_at", "2022-02-02 23:04:11.308544"]]
  ↳ app/controllers/users_controller.rb:20
  [1m[35m (6.9ms)[0m  [1m[35mCOMMIT[0m
  ↳ app/controllers/users_controller.rb:20
Completed 200 OK in 56ms (Views: 0.8ms | ActiveRecord: 39.6ms)


Started GET "/users" for ::1 at 2022-02-02 15:04:37 -0800
Processing by UsersController#index as */*
  [1m[36mUser Load (2.9ms)[0m  [1m[34mSELECT "users".* FROM "users"[0m
  ↳ app/controllers/users_controller.rb:11
Completed 200 OK in 6ms (Views: 2.8ms | ActiveRecord: 2.9ms)


Started POST "/users" for ::1 at 2022-02-02 15:07:46 -0800
Processing by UsersController#create as */*
Completed 400 Bad Request in 15ms (ActiveRecord: 0.0ms)


  
ActionController::ParameterMissing (param is missing or the value is empty: user):
  
app/controllers/users_controller.rb:19:in `create'
Started POST "/users" for ::1 at 2022-02-02 15:11:58 -0800
Processing by UsersController#create as */*
Completed 400 Bad Request in 14ms (ActiveRecord: 0.0ms)


  
ActionController::ParameterMissing (param is missing or the value is empty: user):
  
app/controllers/users_controller.rb:19:in `create'
Started POST "/users" for ::1 at 2022-02-02 15:12:26 -0800
Processing by UsersController#create as */*
Completed 400 Bad Request in 24ms (ActiveRecord: 0.0ms)


  
ActionController::ParameterMissing (param is missing or the value is empty: user):
  
app/controllers/users_controller.rb:19:in `create'
Started POST "/users" for ::1 at 2022-02-02 15:13:20 -0800
Processing by UsersController#create as */*
Completed 400 Bad Request in 9ms (ActiveRecord: 0.0ms)


  
ActionController::ParameterMissing (param is missing or the value is empty: user):
  
app/controllers/users_controller.rb:19:in `create'
Started POST "/users" for ::1 at 2022-02-02 15:15:03 -0800
Processing by UsersController#create as */*
Completed 400 Bad Request in 10ms (ActiveRecord: 0.0ms)


  
ActionController::ParameterMissing (param is missing or the value is empty: user):
  
app/controllers/users_controller.rb:19:in `create'
Started POST "/users" for ::1 at 2022-02-02 15:15:47 -0800
Processing by UsersController#create as */*
Completed 400 Bad Request in 11ms (ActiveRecord: 0.0ms)


  
ActionController::ParameterMissing (param is missing or the value is empty: user):
  
app/controllers/users_controller.rb:19:in `create'
Started POST "/users?user[name]=&user[email]=" for ::1 at 2022-02-02 15:17:40 -0800
Processing by UsersController#create as */*
  Parameters: {"user"=>{"name"=>"", "email"=>""}}
  [1m[35m (0.2ms)[0m  [1m[35mBEGIN[0m
  ↳ app/controllers/users_controller.rb:20
  [1m[36mUser Create (4.1ms)[0m  [1m[32mINSERT INTO "users" ("name", "email", "created_at", "updated_at") VALUES ($1, $2, $3, $4) RETURNING "id"[0m  [["name", ""], ["email", ""], ["created_at", "2022-02-02 23:17:40.618637"], ["updated_at", "2022-02-02 23:17:40.618637"]]
  ↳ app/controllers/users_controller.rb:20
  [1m[35m (3.3ms)[0m  [1m[35mCOMMIT[0m
  ↳ app/controllers/users_controller.rb:20
Completed 200 OK in 55ms (Views: 0.5ms | ActiveRecord: 26.2ms)


Started POST "/users?user[name]=&user[email]=" for ::1 at 2022-02-02 15:18:07 -0800
Processing by UsersController#create as */*
  Parameters: {"user"=>{"name"=>"", "email"=>""}}
  [1m[35m (0.2ms)[0m  [1m[35mBEGIN[0m
  ↳ app/controllers/users_controller.rb:20
  [1m[36mUser Create (13.1ms)[0m  [1m[32mINSERT INTO "users" ("name", "email", "created_at", "updated_at") VALUES ($1, $2, $3, $4) RETURNING "id"[0m  [["name", ""], ["email", ""], ["created_at", "2022-02-02 23:18:07.316233"], ["updated_at", "2022-02-02 23:18:07.316233"]]
  ↳ app/controllers/users_controller.rb:20
  [1m[35m (44.1ms)[0m  [1m[35mCOMMIT[0m
  ↳ app/controllers/users_controller.rb:20
Completed 200 OK in 198ms (Views: 0.8ms | ActiveRecord: 77.5ms)


Started POST "/users?user[email]=" for ::1 at 2022-02-02 15:18:27 -0800
Processing by UsersController#create as */*
  Parameters: {"user"=>{"email"=>""}}
  [1m[35m (8.7ms)[0m  [1m[35mBEGIN[0m
  ↳ app/controllers/users_controller.rb:20
  [1m[36mUser Create (4.4ms)[0m  [1m[32mINSERT INTO "users" ("email", "created_at", "updated_at") VALUES ($1, $2, $3) RETURNING "id"[0m  [["email", ""], ["created_at", "2022-02-02 23:18:27.996151"], ["updated_at", "2022-02-02 23:18:27.996151"]]
  ↳ app/controllers/users_controller.rb:20
  [1m[35m (9.2ms)[0m  [1m[31mROLLBACK[0m
  ↳ app/controllers/users_controller.rb:20
Completed 500 Internal Server Error in 26ms (ActiveRecord: 22.4ms)


  
ActiveRecord::NotNullViolation (PG::NotNullViolation: ERROR:  null value in column "name" of relation "users" violates not-null constraint
DETAIL:  Failing row contains (6, null, , 2022-02-02 23:18:27.996151, 2022-02-02 23:18:27.996151).
: INSERT INTO "users" ("email", "created_at", "updated_at") VALUES ($1, $2, $3) RETURNING "id"):
  
app/controllers/users_controller.rb:20:in `create'
Started GET "/users" for ::1 at 2022-02-02 15:19:03 -0800
Processing by UsersController#index as */*
  [1m[36mUser Load (10.7ms)[0m  [1m[34mSELECT "users".* FROM "users"[0m
  ↳ app/controllers/users_controller.rb:11
Completed 200 OK in 15ms (Views: 2.8ms | ActiveRecord: 10.7ms)


Started POST "/users" for ::1 at 2022-02-02 15:23:46 -0800
Processing by UsersController#create as */*
Completed 400 Bad Request in 41ms (ActiveRecord: 0.0ms)


  
ActionController::ParameterMissing (param is missing or the value is empty: user):
  
app/controllers/users_controller.rb:19:in `create'
Started POST "/users" for ::1 at 2022-02-02 15:29:33 -0800
Processing by UsersController#create as */*
  Parameters: {"user"=>{"name"=>"Jake", "alias"=>"JJ"}}
Unpermitted parameter: :alias
  [1m[35m (0.3ms)[0m  [1m[35mBEGIN[0m
  ↳ app/controllers/users_controller.rb:20
  [1m[36mUser Create (5.7ms)[0m  [1m[32mINSERT INTO "users" ("name", "created_at", "updated_at") VALUES ($1, $2, $3) RETURNING "id"[0m  [["name", "Jake"], ["created_at", "2022-02-02 23:29:33.176187"], ["updated_at", "2022-02-02 23:29:33.176187"]]
  ↳ app/controllers/users_controller.rb:20
  [1m[35m (15.8ms)[0m  [1m[31mROLLBACK[0m
  ↳ app/controllers/users_controller.rb:20
Completed 500 Internal Server Error in 68ms (ActiveRecord: 53.0ms)


  
ActiveRecord::NotNullViolation (PG::NotNullViolation: ERROR:  null value in column "email" of relation "users" violates not-null constraint
DETAIL:  Failing row contains (7, Jake, null, 2022-02-02 23:29:33.176187, 2022-02-02 23:29:33.176187).
: INSERT INTO "users" ("name", "created_at", "updated_at") VALUES ($1, $2, $3) RETURNING "id"):
  
app/controllers/users_controller.rb:20:in `create'
Started POST "/users" for ::1 at 2022-02-02 15:30:53 -0800
Processing by UsersController#create as */*
  Parameters: {"user"=>{"name"=>"Jake", "alias"=>"JJ"}}
Completed 500 Internal Server Error in 22ms (ActiveRecord: 0.0ms)


  
ArgumentError (wrong number of arguments (given 2, expected 0..1)):
  
app/controllers/users_controller.rb:19:in `create'
Started POST "/users" for ::1 at 2022-02-02 15:32:03 -0800
Processing by UsersController#create as */*
  Parameters: {"user"=>{"name"=>"Jake", "alias"=>"JJ"}}
Completed 500 Internal Server Error in 39ms (ActiveRecord: 18.5ms)


  
ActiveModel::ForbiddenAttributesError (ActiveModel::ForbiddenAttributesError):
  
app/controllers/users_controller.rb:19:in `create'
Started POST "/users" for ::1 at 2022-02-02 15:35:42 -0800
Processing by UsersController#create as */*
  Parameters: {"user"=>{"name"=>"Jake", "email"=>"abcd", "age"=>"12"}}
Completed 500 Internal Server Error in 2ms (ActiveRecord: 0.0ms)


  
ActiveModel::ForbiddenAttributesError (ActiveModel::ForbiddenAttributesError):
  
app/controllers/users_controller.rb:19:in `create'
Started POST "/users" for ::1 at 2022-02-02 15:35:57 -0800
Processing by UsersController#create as */*
  Parameters: {"user"=>{"name"=>"Jake", "email"=>"abcd", "age"=>"12"}}
Unpermitted parameter: :age
  [1m[35m (0.2ms)[0m  [1m[35mBEGIN[0m
  ↳ app/controllers/users_controller.rb:20
  [1m[36mUser Create (0.9ms)[0m  [1m[32mINSERT INTO "users" ("name", "email", "created_at", "updated_at") VALUES ($1, $2, $3, $4) RETURNING "id"[0m  [["name", "Jake"], ["email", "abcd"], ["created_at", "2022-02-02 23:35:57.815153"], ["updated_at", "2022-02-02 23:35:57.815153"]]
  ↳ app/controllers/users_controller.rb:20
  [1m[35m (1.5ms)[0m  [1m[35mCOMMIT[0m
  ↳ app/controllers/users_controller.rb:20
Completed 200 OK in 91ms (Views: 0.9ms | ActiveRecord: 36.1ms)


